----------------------------------------------------------------
Wed May 15 10:50:23 EDT 2019:
Booting Derby version The Apache Software Foundation - Apache Derby - 10.14.2.0 - (1828579): instance a816c00e-016a-bbf9-12e3-0000006f3c00 
on database directory C:\Users\dafshar\Documents\IRS\DataViewerDB with class loader sun.misc.Launcher$AppClassLoader@1d16e93 
Loaded from file:/C:/Users/dafshar/Documents/GitHub/Data-Viewer/lib/derby.jar
java.vendor=Oracle Corporation
java.runtime.version=1.8.0_201-b09
user.dir=C:\Users\dafshar\Documents\GitHub\Data-Viewer
os.name=Windows 10
os.arch=x86
os.version=10.0
derby.system.home=null
Database Class Loader started - derby.database.classpath=''
----------------------------------------------------------------
Wed May 15 10:50:28 EDT 2019:
Booting Derby version The Apache Software Foundation - Apache Derby - 10.14.2.0 - (1828579): instance 6839c016-016a-bbf9-12e3-0000006f3c00 
on database directory C:\Users\dafshar\Documents\IRS\TransactionHandlerDB with class loader sun.misc.Launcher$AppClassLoader@1d16e93 
Loaded from file:/C:/Users/dafshar/Documents/GitHub/Data-Viewer/lib/derby.jar
java.vendor=Oracle Corporation
java.runtime.version=1.8.0_201-b09
user.dir=C:\Users\dafshar\Documents\GitHub\Data-Viewer
os.name=Windows 10
os.arch=x86
os.version=10.0
derby.system.home=null
Database Class Loader started - derby.database.classpath=''
